  Compiling CUDA source file ..\..\cuda\flexExt.cu...
  
  C:\Users\22153\Documents\Repository\FleX_penetrate\extensions\compiler\vc14win64>"C:\Program Files\NVIDIA GPU Computing Toolkit\CUDA\v12.2\bin\nvcc.exe" -gencode=arch=compute_52,code=\"sm_52,compute_52\" --use-local-env -ccbin "C:\Program Files\Microsoft Visual Studio\2022\Community\VC\Tools\MSVC\14.37.32822\bin\HostX64\x64" -x cu   -I"C:\Program Files\NVIDIA GPU Computing Toolkit\CUDA\v12.2/include" -I"C:\Program Files\NVIDIA GPU Computing Toolkit\CUDA\v12.2/extras/cupti/include" -I./../../../../.. -I"C:\Program Files\NVIDIA GPU Computing Toolkit\CUDA\v12.2\include" -I"C:\Program Files\NVIDIA GPU Computing Toolkit\CUDA\v12.2\include"     --keep-dir x64\release  -maxrregcount=0   --machine 64 --compile -cudart static    -D_CONSOLE -DWIN32 -DNDEBUG -D_WINDLL -Xcompiler "/EHsc /W3 /nologo /Ox /FS   /MT " -Xcompiler "/Fd./build/win64/release\vc143.pdb" -o C:\Users\22153\Documents\Repository\FleX_penetrate\extensions\compiler\vc14win64\x64\release\flexExt.cu.obj "C:\Users\22153\Documents\Repository\FleX_penetrate\extensions\cuda\flexExt.cu" 
  flexExt.cu
  tmpxft_0000715c_00000000-7_flexExt.cudafe1.cpp
cl : command line  warning D9002: ignoring unknown option '/arch:SSE2'
  flexExtCloth.cpp
  flexExtContainer.cpp
  flexExtMovingFrame.cpp
  flexExtRigid.cpp
  flexExtSoft.cpp
  sdf.cpp
  voxelize.cpp
  maths.cpp
  aabbtree.cpp
     Creating library ./../../../lib/win64/NvFlexExtReleaseCUDA_x64.lib and object ./../../../lib/win64/NvFlexExtReleaseCUDA_x64.exp
  Generating code
  13 of 1546 functions ( 0.8%) were compiled, the rest were copied from previous compilation.
    0 functions were new in current compilation
    3 functions had inline decision re-evaluated but remain unchanged
  Finished generating code
LINK : warning LNK4199: /DELAYLOAD:d3d11.dll ignored; no imports found from d3d11.dll
LINK : warning LNK4199: /DELAYLOAD:d3d12.dll ignored; no imports found from d3d12.dll
LINK : warning LNK4199: /DELAYLOAD:dxgi.dll ignored; no imports found from dxgi.dll
  flexExtCUDA.vcxproj -> C:\Users\22153\Documents\Repository\FleX_penetrate\bin\win64\NvFlexExtReleaseCUDA_x64.dll
